#
# There is insufficient memory for the Java Runtime Environment to continue.
# Native memory allocation (mmap) failed to map 134217728 bytes for Failed to commit area from 0x0000000081c00000 to 0x0000000089c00000 of length 134217728.
# Possible reasons:
#   The system is out of physical RAM or swap space
#   The process is running with CompressedOops enabled, and the Java Heap may be blocking the growth of the native heap
# Possible solutions:
#   Reduce memory load on the system
#   Increase physical memory or swap space
#   Check if swap backing store is full
#   Decrease Java heap size (-Xmx/-Xms)
#   Decrease number of Java threads
#   Decrease Java thread stack sizes (-Xss)
#   Set larger code cache with -XX:ReservedCodeCacheSize=
# This output file may be truncated or incomplete.
#
#  Out of Memory Error (./src/hotspot/os/windows/os_windows.cpp:3619), pid=10728, tid=13812
#
# JRE version:  (11.0.13+7) (build )
# Java VM: OpenJDK 64-Bit Server VM (11.0.13+7-b1751.19, mixed mode, sharing, tiered, compressed oops, g1 gc, windows-amd64)
# No core dump will be written. Minidumps are not enabled by default on client versions of Windows
#

---------------  S U M M A R Y ------------

Command Line: git4idea.http.GitAskPassApp Username for 'https://github.com': 

Host: Intel(R) Core(TM) i5-8250U CPU @ 1.60GHz, 8 cores, 7G,  Windows 10 , 64 bit Build 19041 (10.0.19041.1806)
Time: Wed Jul 20 12:51:35 2022 Ô³íëÿíä³ÿ (ë³òî) elapsed time: 0.007514 seconds (0d 0h 0m 0s)

---------------  T H R E A D  ---------------

Current thread (0x000001ed30f2f000):  JavaThread "Unknown thread" [_thread_in_vm, id=13812, stack(0x00000034c4600000,0x00000034c4700000)]

Stack: [0x00000034c4600000,0x00000034c4700000]
Native frames: (J=compiled Java code, j=interpreted, Vv=VM code, C=native code)
V  [jvm.dll+0x613ada]
V  [jvm.dll+0x799a80]
V  [jvm.dll+0x79b09d]
V  [jvm.dll+0x79b773]
V  [jvm.dll+0x24c4c8]
V  [jvm.dll+0x610b64]
V  [jvm.dll+0x605855]
V  [jvm.dll+0x30aaeb]
V  [jvm.dll+0x30aa5a]
V  [jvm.dll+0x30a932]
V  [jvm.dll+0x30f896]
V  [jvm.dll+0x359293]
V  [jvm.dll+0x359996]
V  [jvm.dll+0x359393]
V  [jvm.dll+0x2e5308]
V  [jvm.dll+0x2e64b7]
V  [jvm.dll+0x7769c7]
V  [jvm.dll+0x7781bc]
V  [jvm.dll+0x366829]
V  [jvm.dll+0x75a52e]
V  [jvm.dll+0x3d4923]
V  [jvm.dll+0x3d6e91]
C  [jli.dll+0x536b]
C  [ucrtbase.dll+0x21bb2]
C  [KERNEL32.DLL+0x17034]
C  [ntdll.dll+0x52651]


---------------  P R O C E S S  ---------------

Threads class SMR info:
_java_thread_list=0x000001ed2ed14ec0, length=0, elements={
}

Java Threads: ( => current thread )

Other Threads:
  0x000001ed30f4a000 GCTaskThread "GC Thread#0" [stack: 0x00000034c4700000,0x00000034c4800000] [id=13560]
  0x000001ed30f7d800 ConcurrentGCThread "G1 Main Marker" [stack: 0x00000034c4800000,0x00000034c4900000] [id=12472]
  0x000001ed30f7e800 ConcurrentGCThread "G1 Conc#0" [stack: 0x00000034c4900000,0x00000034c4a00000] [id=7348]

[error occurred during error reporting (printing all threads), id 0xc0000005, EXCEPTION_ACCESS_VIOLATION (0xc0000005) at pc=0x00007fffe19a5b77]

VM state:not at safepoint (not fully initialized)

VM Mutex/Monitor currently owned by a thread:  ([mutex/lock_event])
[0x000001ed30f2b2b0] Heap_lock - owner thread: 0x000001ed30f2f000

Heap address: 0x0000000081c00000, size: 2020 MB, Compressed Oops mode: Non-zero based: 0x0000000081c00000
Narrow klass base: 0x0000000000000000, Narrow klass shift: 0

GC Heap History (0 events):
No events

Deoptimization events (0 events):
No events

Classes redefined (0 events):
No events

Internal exceptions (0 events):
No events

Events (1 events):
Event: 0.004 Loaded shared library D:\IntelliJ IDEA\IntelliJ IDEA Community Edition 2021.3\jbr\bin\zip.dll


Dynamic libraries:
0x00007ff62d690000 - 0x00007ff62d69a000 	D:\IntelliJ IDEA\IntelliJ IDEA Community Edition 2021.3\jbr\bin\java.exe
0x00007ff8509b0000 - 0x00007ff850ba8000 	C:\WINDOWS\SYSTEM32\ntdll.dll
0x00007ff8502b0000 - 0x00007ff85036d000 	C:\WINDOWS\System32\KERNEL32.DLL
0x00007ff84e320000 - 0x00007ff84e5ee000 	C:\WINDOWS\System32\KERNELBASE.dll
0x00007ff84e0d0000 - 0x00007ff84e1d0000 	C:\WINDOWS\System32\ucrtbase.dll
0x00007ff837240000 - 0x00007ff837259000 	D:\IntelliJ IDEA\IntelliJ IDEA Community Edition 2021.3\jbr\bin\jli.dll
0x00007ff84ea10000 - 0x00007ff84ebb0000 	C:\WINDOWS\System32\USER32.dll
0x00007ff84e9e0000 - 0x00007ff84ea02000 	C:\WINDOWS\System32\win32u.dll
0x00007ff83ec00000 - 0x00007ff83ee9a000 	C:\WINDOWS\WinSxS\amd64_microsoft.windows.common-controls_6595b64144ccf1df_6.0.19041.1110_none_60b5254171f9507e\COMCTL32.dll
0x00007ff8506f0000 - 0x00007ff85071a000 	C:\WINDOWS\System32\GDI32.dll
0x00007ff84e5f0000 - 0x00007ff84e6fb000 	C:\WINDOWS\System32\gdi32full.dll
0x00007ff84ec60000 - 0x00007ff84ecfe000 	C:\WINDOWS\System32\msvcrt.dll
0x00007ff84e700000 - 0x00007ff84e79d000 	C:\WINDOWS\System32\msvcp_win.dll
0x00007ff836760000 - 0x00007ff836777000 	D:\IntelliJ IDEA\IntelliJ IDEA Community Edition 2021.3\jbr\bin\VCRUNTIME140.dll
0x00007ff850540000 - 0x00007ff850570000 	C:\WINDOWS\System32\IMM32.DLL
0x00007ff836450000 - 0x00007ff8364ed000 	D:\IntelliJ IDEA\IntelliJ IDEA Community Edition 2021.3\jbr\bin\msvcp140.dll
0x00007fffe16b0000 - 0x00007fffe2226000 	D:\IntelliJ IDEA\IntelliJ IDEA Community Edition 2021.3\jbr\bin\server\jvm.dll
0x00007ff84fc50000 - 0x00007ff84fcfe000 	C:\WINDOWS\System32\ADVAPI32.dll
0x00007ff850370000 - 0x00007ff85040c000 	C:\WINDOWS\System32\sechost.dll
0x00007ff850410000 - 0x00007ff850535000 	C:\WINDOWS\System32\RPCRT4.dll
0x00007ff850960000 - 0x00007ff850968000 	C:\WINDOWS\System32\PSAPI.DLL
0x00007ff83eea0000 - 0x00007ff83eec7000 	C:\WINDOWS\SYSTEM32\WINMM.dll
0x00007ff82aed0000 - 0x00007ff82aed9000 	C:\WINDOWS\SYSTEM32\WSOCK32.dll
0x00007ff845f00000 - 0x00007ff845f0a000 	C:\WINDOWS\SYSTEM32\VERSION.dll
0x00007ff84fbe0000 - 0x00007ff84fc4b000 	C:\WINDOWS\System32\WS2_32.dll
0x00007ff84c9a0000 - 0x00007ff84c9b2000 	C:\WINDOWS\SYSTEM32\kernel.appcore.dll
0x00007ff8496f0000 - 0x00007ff849701000 	D:\IntelliJ IDEA\IntelliJ IDEA Community Edition 2021.3\jbr\bin\verify.dll
0x00007ff83d290000 - 0x00007ff83d474000 	C:\WINDOWS\SYSTEM32\DBGHELP.DLL
0x00007ff83d260000 - 0x00007ff83d28c000 	C:\WINDOWS\SYSTEM32\dbgcore.DLL
0x00007ff84e7a0000 - 0x00007ff84e822000 	C:\WINDOWS\System32\bcryptPrimitives.dll
0x00007ff8473e0000 - 0x00007ff847409000 	D:\IntelliJ IDEA\IntelliJ IDEA Community Edition 2021.3\jbr\bin\java.dll
0x00007ff8496e0000 - 0x00007ff8496eb000 	D:\IntelliJ IDEA\IntelliJ IDEA Community Edition 2021.3\jbr\bin\jimage.dll
0x00007ff845d00000 - 0x00007ff845d18000 	D:\IntelliJ IDEA\IntelliJ IDEA Community Edition 2021.3\jbr\bin\zip.dll

dbghelp: loaded successfully - version: 4.0.5 - missing functions: none
symbol engine: initialized successfully - sym options: 0x614 - pdb path: .;D:\IntelliJ IDEA\IntelliJ IDEA Community Edition 2021.3\jbr\bin;C:\WINDOWS\SYSTEM32;C:\WINDOWS\WinSxS\amd64_microsoft.windows.common-controls_6595b64144ccf1df_6.0.19041.1110_none_60b5254171f9507e;D:\IntelliJ IDEA\IntelliJ IDEA Community Edition 2021.3\jbr\bin\server

VM Arguments:
java_command: git4idea.http.GitAskPassApp Username for 'https://github.com': 
java_class_path (initial): D:/IntelliJ IDEA/IntelliJ IDEA Community Edition 2021.3/plugins/git4idea/lib/git4idea-rt.jar;D:/IntelliJ IDEA/IntelliJ IDEA Community Edition 2021.3/lib/3rd-party.jar;D:/IntelliJ IDEA/IntelliJ IDEA Community Edition 2021.3/lib/3rd-party-rt.jar
Launcher Type: SUN_STANDARD

[Global flags]
     intx CICompilerCount                          = 4                                         {product} {ergonomic}
     uint ConcGCThreads                            = 2                                         {product} {ergonomic}
     uint G1ConcRefinementThreads                  = 8                                         {product} {ergonomic}
   size_t G1HeapRegionSize                         = 1048576                                   {product} {ergonomic}
    uintx GCDrainStackTargetSize                   = 64                                        {product} {ergonomic}
   size_t InitialHeapSize                          = 134217728                                 {product} {ergonomic}
   size_t MarkStackSize                            = 4194304                                   {product} {ergonomic}
   size_t MaxHeapSize                              = 2118123520                                {product} {ergonomic}
   size_t MinHeapDeltaBytes                        = 1048576                                   {product} {ergonomic}
    uintx NonNMethodCodeHeapSize                   = 5836300                                {pd product} {ergonomic}
    uintx NonProfiledCodeHeapSize                  = 122910970                              {pd product} {ergonomic}
    uintx ProfiledCodeHeapSize                     = 122910970                              {pd product} {ergonomic}
    uintx ReservedCodeCacheSize                    = 251658240                              {pd product} {ergonomic}
     bool SegmentedCodeCache                       = true                                      {product} {ergonomic}
     bool UseCompressedClassPointers               = true                                 {lp64_product} {ergonomic}
     bool UseCompressedOops                        = true                                 {lp64_product} {ergonomic}
     bool UseG1GC                                  = true                                      {product} {ergonomic}
     bool UseLargePagesIndividualAllocation        = false                                  {pd product} {ergonomic}

Logging:
Log output configuration:
 #0: stdout all=warning uptime,level,tags
 #1: stderr all=off uptime,level,tags

Environment Variables:
JAVA_HOME=C:\Program Files\Java\jdk1.8.0_202
PATH=C:\Program Files\Git\mingw64\libexec\git-core;C:\Program Files\Git\mingw64\libexec\git-core;C:\Program Files\Git\mingw64\bin;C:\Program Files\Git\usr\bin;C:\Users\julia\bin;C:\Python310\Scripts;C:\Python310;C:\Program Files (x86)\Common Files\Oracle\Java\javapath;C:\WINDOWS\system32;C:\WINDOWS;C:\WINDOWS\System32\Wbem;C:\WINDOWS\System32\WindowsPowerShell\v1.0;C:\WINDOWS\System32\OpenSSH;C:\Program Files\Common Files\Autodesk Shared;C:\Program Files\Microsoft SQL Server\120\Tools\Binn;C:\Program Files\Microsoft SQL Server\130\Tools\Binn;C:\Program Files\dotnet;C:\Program Files\Microsoft SQL Server\Client SDK\ODBC\130\Tools\Binn;C:\Program Files (x86)\Microsoft SQL Server\140\Tools\Binn;C:\Program Files\Microsoft SQL Server\140\Tools\Binn;C:\Program Files\Microsoft SQL Server\140\DTS\Binn;C:\Program Files (x86)\Microsoft SQL Server\Client SDK\ODBC\130\Tools\Binn;C:\Program Files (x86)\Microsoft SQL Server\140\DTS\Binn;C:\Program Files (x86)\Microsoft SQL Server\140\Tools\Binn\ManagementStudio;C:\Program Files\Microsoft SQL Server\Client SDK\ODBC\170\Tools\Binn;C:\Program Files (x86)\Microsoft SQL Server\150\Tools\Binn;C:\Program Files\Microsoft SQL Server\150\Tools\Binn;C:\Program Files\Microsoft SQL Server\150\DTS\Binn;C:\Program Files (x86)\Microsoft SQL Server\150\DTS\Binn;C:\Program Files (x86)\dotnet;C:\Program Files\Git\cmd;C:\ProgramData\chocolatey\bin;C:\Program Files\Java\jdk1.8.0_202\bin;C:\Program Files\Python27;C:\apache-cassandra-3.11.12-bin\apache-cassandra-3.11.12\bin;C:\Program Files\Java\jdk1.8.0_202\bin;D:\nodejs;C:\Program Files\MySQL\MySQL Shell 8.0\bin;C:\Users\julia\AppData\Local\Microsoft\WindowsApps;C:\Users\julia\.dotnet\tools;D:\Android\flutter_1.22.6\flutter\bin;C:\Users\julia\AppData\Local\GitHubDesktop\bin;C:\tools\dart-sdk\bin;C:\Users\julia\AppData\Roaming\Pub\Cache\bin;D:\Microsoft VS Code\bin;D:\IntelliJ IDEA\IntelliJ IDEA Community Edition 2021.3\bin;D:\WebStorm 2020.1\bin;C:\Users\julia\AppData\Roaming\npm
USERNAME=julia
DISPLAY=:0.0
LC_ALL=en_US.UTF-8
OS=Windows_NT
PROCESSOR_IDENTIFIER=Intel64 Family 6 Model 142 Stepping 10, GenuineIntel



---------------  S Y S T E M  ---------------

OS: Windows 10 , 64 bit Build 19041 (10.0.19041.1806)
OS uptime: 0 days 12:23 hours

CPU:total 8 (initial active 8) (4 cores per cpu, 2 threads per core) family 6 model 142 stepping 10 microcode 0xb4, cmov, cx8, fxsr, mmx, sse, sse2, sse3, ssse3, sse4.1, sse4.2, popcnt, avx, avx2, aes, clmul, erms, 3dnowpref, lzcnt, ht, tsc, tscinvbit, bmi1, bmi2, adx, fma

Memory: 4k page, system-wide physical 8076M (1032M free)
TotalPageFile size 9648M (AvailPageFile size 57M)
current process WorkingSet (physical memory assigned to process): 10M, peak: 10M
current process commit charge ("private bytes"): 60M, peak: 187M

vm_info: OpenJDK 64-Bit Server VM (11.0.13+7-b1751.19) for windows-amd64 JRE (11.0.13+7-b1751.19), built on Nov  9 2021 11:31:28 by "" with MS VC++ 14.0 (VS2015)

END.
